<?xml version="1.0" encoding="UTF-8"?>
<testsuite xmlns:xsi="http://www.w3.org/2001/XMLSchema-instance" xsi:noNamespaceSchemaLocation="https://maven.apache.org/surefire/maven-surefire-plugin/xsd/surefire-test-report-3.0.xsd" version="3.0" name="mvc.model.ModelTest" time="0.489" tests="66" errors="0" skipped="0" failures="0">
  <properties>
[...]
</properties>
  <testcase name="testCheckStringForEncodingGood(String)[1]" classname="mvc.model.ModelTest" time="0.058"/>
  <testcase name="testCheckStringForEncodingGood(String)[2]" classname="mvc.model.ModelTest" time="0.002"/>
  <testcase name="testCheckStringForEncodingGood(String)[3]" classname="mvc.model.ModelTest" time="0.002"/>
  <testcase name="testCheckStringForEncodingGood(String)[4]" classname="mvc.model.ModelTest" time="0.001"/>
  <testcase name="testCheckStringForEncodingGood(String)[5]" classname="mvc.model.ModelTest" time="0.002"/>
  <testcase name="testCheckStringForEncodingGood(String)[6]" classname="mvc.model.ModelTest" time="0.001"/>
  <testcase name="testCheckStringForEncodingNull(String)[1]" classname="mvc.model.ModelTest" time="0.004"/>
  <testcase name="testDecryptEmpty(String)[1]" classname="mvc.model.ModelTest" time="0.012">
    <system-out><![CDATA[decrypt
]]></system-out>
  </testcase>
  <testcase name="testAddHistoryRecordThrow(String)[1]" classname="mvc.model.ModelTest" time="0.003">
    <system-out><![CDATA[addHistoryRecord() null input
]]></system-out>
  </testcase>
  <testcase name="testEncrypt(String, String)[1]" classname="mvc.model.ModelTest" time="0.011">
    <system-out><![CDATA[encrypt
]]></system-out>
  </testcase>
  <testcase name="testEncrypt(String, String)[2]" classname="mvc.model.ModelTest" time="0.003">
    <system-out><![CDATA[encrypt
]]></system-out>
  </testcase>
  <testcase name="testEncrypt(String, String)[3]" classname="mvc.model.ModelTest" time="0.004">
    <system-out><![CDATA[encrypt
]]></system-out>
  </testcase>
  <testcase name="testTestEncryptedStringThrowsNull(String)[1]" classname="mvc.model.ModelTest" time="0.003">
    <system-out><![CDATA[testEncryptedString
]]></system-out>
  </testcase>
  <testcase name="testIsPhonogramsNumSufficientThdrows(KeyParameters)[1]" classname="mvc.model.ModelTest" time="0.004">
    <system-out><![CDATA[isPhonogramsNumSufficient
]]></system-out>
  </testcase>
  <testcase name="testGenerateDefaultKey(String, String)[1]" classname="mvc.model.ModelTest" time="0.002">
    <system-out><![CDATA[generateDefaultKey
]]></system-out>
  </testcase>
  <testcase name="testInit(Integer, Integer, Integer)[1]" classname="mvc.model.ModelTest" time="0.013">
    <system-out><![CDATA[init
]]></system-out>
  </testcase>
  <testcase name="testEncryptThrow(String)[1]" classname="mvc.model.ModelTest" time="0.008">
    <system-out><![CDATA[encrypt
]]></system-out>
  </testcase>
  <testcase name="testDecryptThrowNullptr(String)[1]" classname="mvc.model.ModelTest" time="0.001">
    <system-out><![CDATA[decrypt
]]></system-out>
  </testcase>
  <testcase name="testTestEncryptedStringExceptionsUnknownPhonogram(String)[1]" classname="mvc.model.ModelTest" time="0.002">
    <system-out><![CDATA[testEncryptedString
]]></system-out>
  </testcase>
  <testcase name="testTestEncryptedStringExceptionsUnknownPhonogram(String)[2]" classname="mvc.model.ModelTest" time="0.002">
    <system-out><![CDATA[testEncryptedString
]]></system-out>
  </testcase>
  <testcase name="testGenerateKey(int, int, int)[1]" classname="mvc.model.ModelTest" time="0.009">
    <system-out><![CDATA[generateKey
]]></system-out>
  </testcase>
  <testcase name="testGenerateKey(int, int, int)[2]" classname="mvc.model.ModelTest" time="0.003">
    <system-out><![CDATA[generateKey
]]></system-out>
  </testcase>
  <testcase name="testGenerateKey(int, int, int)[3]" classname="mvc.model.ModelTest" time="0.003">
    <system-out><![CDATA[generateKey
]]></system-out>
  </testcase>
  <testcase name="testGenerateKey(int, int, int)[4]" classname="mvc.model.ModelTest" time="0.003">
    <system-out><![CDATA[generateKey
]]></system-out>
  </testcase>
  <testcase name="testGenerateKey(int, int, int)[5]" classname="mvc.model.ModelTest" time="0.003">
    <system-out><![CDATA[generateKey
]]></system-out>
  </testcase>
  <testcase name="testDecryptThrows(String)[1]" classname="mvc.model.ModelTest" time="0.005">
    <system-out><![CDATA[decrypt
]]></system-out>
  </testcase>
  <testcase name="testDecryptThrows(String)[2]" classname="mvc.model.ModelTest" time="0.001">
    <system-out><![CDATA[decrypt
]]></system-out>
  </testcase>
  <testcase name="testDecryptThrows(String)[3]" classname="mvc.model.ModelTest" time="0.002">
    <system-out><![CDATA[decrypt
]]></system-out>
  </testcase>
  <testcase name="testDecryptThrows(String)[4]" classname="mvc.model.ModelTest" time="0.002">
    <system-out><![CDATA[decrypt
]]></system-out>
  </testcase>
  <testcase name="testDecryptThrows(String)[5]" classname="mvc.model.ModelTest" time="0.002">
    <system-out><![CDATA[decrypt
]]></system-out>
  </testcase>
  <testcase name="testInitThrow(KeyParameters)[1]" classname="mvc.model.ModelTest" time="0.002">
    <system-out><![CDATA[init
]]></system-out>
  </testcase>
  <testcase name="testTestEncryptedStringBorder(String)[1]" classname="mvc.model.ModelTest" time="0.001">
    <system-out><![CDATA[testEncryptedString
]]></system-out>
  </testcase>
  <testcase name="testIsPhonogramsNumSufficient(int, int, int, boolean)[1]" classname="mvc.model.ModelTest" time="0.007">
    <system-out><![CDATA[isPhonogramsNumSufficient
]]></system-out>
  </testcase>
  <testcase name="testIsPhonogramsNumSufficient(int, int, int, boolean)[2]" classname="mvc.model.ModelTest" time="0.002">
    <system-out><![CDATA[isPhonogramsNumSufficient
]]></system-out>
  </testcase>
  <testcase name="testIsPhonogramsNumSufficient(int, int, int, boolean)[3]" classname="mvc.model.ModelTest" time="0.001">
    <system-out><![CDATA[isPhonogramsNumSufficient
]]></system-out>
  </testcase>
  <testcase name="testIsPhonogramsNumSufficient(int, int, int, boolean)[4]" classname="mvc.model.ModelTest" time="0.002">
    <system-out><![CDATA[isPhonogramsNumSufficient
]]></system-out>
  </testcase>
  <testcase name="testIsPhonogramsNumSufficient(int, int, int, boolean)[5]" classname="mvc.model.ModelTest" time="0.003">
    <system-out><![CDATA[isPhonogramsNumSufficient
]]></system-out>
  </testcase>
  <testcase name="testEncryptBorder(String)[1]" classname="mvc.model.ModelTest" time="0.004">
    <system-out><![CDATA[encrypt
]]></system-out>
  </testcase>
  <testcase name="testDecrypt(String, String)[1]" classname="mvc.model.ModelTest" time="0.002">
    <system-out><![CDATA[decrypt
]]></system-out>
  </testcase>
  <testcase name="testDecrypt(String, String)[2]" classname="mvc.model.ModelTest" time="0.001">
    <system-out><![CDATA[decrypt
]]></system-out>
  </testcase>
  <testcase name="testDecrypt(String, String)[3]" classname="mvc.model.ModelTest" time="0.001">
    <system-out><![CDATA[decrypt
]]></system-out>
  </testcase>
  <testcase name="testDecrypt(String, String)[4]" classname="mvc.model.ModelTest" time="0.002">
    <system-out><![CDATA[decrypt
]]></system-out>
  </testcase>
  <testcase name="testClearHistoryList(String)[1]" classname="mvc.model.ModelTest" time="0.003"/>
  <testcase name="testCheckStringForEncodingBad(String)[1]" classname="mvc.model.ModelTest" time="0.002"/>
  <testcase name="testCheckStringForEncodingBad(String)[2]" classname="mvc.model.ModelTest" time="0.001"/>
  <testcase name="testCheckStringForEncodingBad(String)[3]" classname="mvc.model.ModelTest" time="0.001"/>
  <testcase name="testCheckStringForEncodingBad(String)[4]" classname="mvc.model.ModelTest" time="0.001"/>
  <testcase name="testCheckStringForEncodingBad(String)[5]" classname="mvc.model.ModelTest" time="0.001"/>
  <testcase name="testCheckStringForEncodingBad(String)[6]" classname="mvc.model.ModelTest" time="0.001"/>
  <testcase name="testCheckStringForEncodingBad(String)[7]" classname="mvc.model.ModelTest" time="0.001"/>
  <testcase name="testCheckStringForEncodingBad(String)[8]" classname="mvc.model.ModelTest" time="0.001"/>
  <testcase name="testCheckStringForEncodingBad(String)[9]" classname="mvc.model.ModelTest" time="0.001"/>
  <testcase name="testCheckStringForEncodingBad(String)[10]" classname="mvc.model.ModelTest" time="0.001"/>
  <testcase name="testCheckStringForEncodingBad(String)[11]" classname="mvc.model.ModelTest" time="0.001"/>
  <testcase name="testCheckStringForEncodingBad(String)[12]" classname="mvc.model.ModelTest" time="0.001"/>
  <testcase name="testCheckStringForEncodingBad(String)[13]" classname="mvc.model.ModelTest" time="0.001"/>
  <testcase name="testCheckStringForEncodingBad(String)[14]" classname="mvc.model.ModelTest" time="0.001"/>
  <testcase name="testClearKey(int)[1]" classname="mvc.model.ModelTest" time="0.004">
    <system-out><![CDATA[clearKey
]]></system-out>
  </testcase>
  <testcase name="testTestEncryptedString(String, boolean)[1]" classname="mvc.model.ModelTest" time="0.008">
    <system-out><![CDATA[testEncryptedString
]]></system-out>
  </testcase>
  <testcase name="testTestEncryptedString(String, boolean)[2]" classname="mvc.model.ModelTest" time="0.002">
    <system-out><![CDATA[testEncryptedString
]]></system-out>
  </testcase>
  <testcase name="testTestEncryptedStringExceptionsStringOutOfBounds(String)[1]" classname="mvc.model.ModelTest" time="0.002">
    <system-out><![CDATA[testEncryptedString
]]></system-out>
  </testcase>
  <testcase name="testTestEncryptedStringExceptionsStringOutOfBounds(String)[2]" classname="mvc.model.ModelTest" time="0.001">
    <system-out><![CDATA[testEncryptedString
]]></system-out>
  </testcase>
  <testcase name="testAppendKeyToHistory(String)[1]" classname="mvc.model.ModelTest" time="0.005">
    <system-out><![CDATA[Size: 67
History size: 67
]]></system-out>
  </testcase>
  <testcase name="testAddHistoryRecord(String)[1]" classname="mvc.model.ModelTest" time="0.002">
    <system-out><![CDATA[addHistoryRecord()
]]></system-out>
  </testcase>
  <testcase name="testAddHistoryRecord(String)[2]" classname="mvc.model.ModelTest" time="0.001">
    <system-out><![CDATA[addHistoryRecord()
]]></system-out>
  </testcase>
  <testcase name="testAddHistoryRecord(String)[3]" classname="mvc.model.ModelTest" time="0.001">
    <system-out><![CDATA[addHistoryRecord()
]]></system-out>
  </testcase>
</testsuite>